[2025-09-18 15:28:44.247] [ERROR] [DATABASE] Failed to open database connection: Access denied for user 'root'@'localhost' QMYSQL: Unable to connect
[2025-09-18 15:28:44.248] [ERROR] [DATABASE] Failed to create initial connection 0
[2025-09-18 15:28:44.248] [ERROR] [GENERAL] Failed to initialize database pool
[2025-09-18 15:28:44.248] [ERROR] [GENERAL] Failed to initialize server
[2025-09-18 15:40:18.656] [ERROR] [DATABASE] Failed to open database connection: Access denied for user 'root'@'localhost' QMYSQL: Unable to connect
[2025-09-18 15:40:18.656] [ERROR] [DATABASE] Failed to create initial connection 0
[2025-09-18 15:40:18.656] [ERROR] [GENERAL] Failed to initialize database pool
[2025-09-18 15:40:18.656] [ERROR] [GENERAL] Failed to initialize server
[2025-09-18 15:40:56.444] [ERROR] [DATABASE] Failed to open database connection: Access denied for user 'root'@'localhost' QMYSQL: Unable to connect
[2025-09-18 15:40:56.445] [ERROR] [DATABASE] Failed to create initial connection 0
[2025-09-18 15:40:56.445] [ERROR] [GENERAL] Failed to initialize database pool
[2025-09-18 15:40:56.445] [ERROR] [GENERAL] Failed to initialize server
[2025-09-18 15:43:29.565] [ERROR] [DATABASE] Failed to open database connection: Unknown database 'latcheck' QMYSQL: Unable to connect
[2025-09-18 15:43:29.565] [ERROR] [DATABASE] Failed to create initial connection 0
[2025-09-18 15:43:29.565] [ERROR] [GENERAL] Failed to initialize database pool
[2025-09-18 15:43:29.565] [ERROR] [GENERAL] Failed to initialize server
[2025-09-18 15:58:16.777] [INFO] [DATABASE] Database pool initialized with 5 connections
[2025-09-18 15:58:16.777] [INFO] [GENERAL] Database pool initialized successfully
[2025-09-18 15:58:16.930] [INFO] [GENERAL] All components initialized successfully
[2025-09-18 15:58:16.948] [INFO] [TLS Server started on port 8443] TlsServer
[2025-09-18 15:58:16.948] [INFO] [GENERAL] LatCheckServer started successfully
[2025-09-18 15:58:16.948] [INFO] [GENERAL] === LatCheck Server Information ===
[2025-09-18 15:58:16.948] [INFO] [GENERAL] TLS Server Port: 8443
[2025-09-18 15:58:16.948] [INFO] [GENERAL] Database: latcheck@localhost:3306
[2025-09-18 15:58:16.948] [INFO] [GENERAL] Server is ready to accept connections
[2025-09-18 15:58:16.948] [INFO] [GENERAL] ===================================
[2025-09-18 16:19:01.900] [INFO] [DATABASE] Database pool initialized with 5 connections
[2025-09-18 16:19:01.900] [INFO] [GENERAL] Database pool initialized successfully
[2025-09-18 16:19:02.047] [INFO] [GENERAL] All components initialized successfully
[2025-09-18 16:19:02.065] [INFO] [TLS Server started on port 8443] TlsServer
[2025-09-18 16:19:02.065] [INFO] [GENERAL] LatCheckServer started successfully
[2025-09-18 16:19:02.065] [INFO] [GENERAL] === LatCheck Server Information ===
[2025-09-18 16:19:02.065] [INFO] [GENERAL] TLS Server Port: 8443
[2025-09-18 16:19:02.065] [INFO] [GENERAL] Database: latcheck@localhost:3306
[2025-09-18 16:19:02.065] [INFO] [GENERAL] Server is ready to accept connections
[2025-09-18 16:19:02.065] [INFO] [GENERAL] ===================================
[2025-09-18 16:19:06.593] [INFO] [GENERAL] Received SIGINT, shutting down gracefully...
[2025-09-18 16:19:06.593] [INFO] [GENERAL] LatCheckServer shutting down...
[2025-09-18 16:19:06.594] [INFO] [TLS Server stopped] TlsServer
[2025-09-18 16:19:06.594] [INFO] [DATABASE] Database pool closed
[2025-09-18 16:19:06.594] [INFO] [GENERAL] LatCheckServer shutdown completed
[2025-09-18 16:19:09.823] [INFO] [DATABASE] Database pool initialized with 5 connections
[2025-09-18 16:19:09.823] [INFO] [GENERAL] Database pool initialized successfully
[2025-09-18 16:19:09.962] [INFO] [GENERAL] All components initialized successfully
[2025-09-18 16:19:09.977] [INFO] [TLS Server started on port 8443] TlsServer
[2025-09-18 16:19:09.978] [INFO] [GENERAL] LatCheckServer started successfully
[2025-09-18 16:19:09.978] [INFO] [GENERAL] === LatCheck Server Information ===
[2025-09-18 16:19:09.978] [INFO] [GENERAL] TLS Server Port: 8443
[2025-09-18 16:19:09.978] [INFO] [GENERAL] Database: latcheck@localhost:3306
[2025-09-18 16:19:09.978] [INFO] [GENERAL] Server is ready to accept connections
[2025-09-18 16:19:09.978] [INFO] [GENERAL] ===================================
[2025-09-18 17:02:34.855] [INFO] [GENERAL] Received SIGINT, shutting down gracefully...
[2025-09-18 17:02:34.855] [INFO] [GENERAL] LatCheckServer shutting down...
[2025-09-18 17:02:34.855] [INFO] [TLS Server stopped] TlsServer
[2025-09-18 17:02:34.855] [INFO] [DATABASE] Database pool closed
[2025-09-18 17:02:34.855] [INFO] [GENERAL] LatCheckServer shutdown completed
[2025-09-18 17:07:58.839] [INFO] [DATABASE] Database pool initialized with 5 connections
[2025-09-18 17:07:58.839] [INFO] [GENERAL] Database pool initialized successfully
[2025-09-18 17:07:58.980] [INFO] [GENERAL] All components initialized successfully
[2025-09-18 17:07:59.001] [INFO] [TLS Server started on 0.0.0.0:8443 (listening on 0.0.0.0)] TlsServer
[2025-09-18 17:07:59.001] [INFO] [GENERAL] LatCheckServer started successfully
[2025-09-18 17:07:59.001] [INFO] [GENERAL] === LatCheck Server Information ===
[2025-09-18 17:07:59.001] [INFO] [GENERAL] TLS Server Port: 8443
[2025-09-18 17:07:59.001] [INFO] [GENERAL] Database: latcheck@localhost:3306
[2025-09-18 17:07:59.001] [INFO] [GENERAL] Server is ready to accept connections
[2025-09-18 17:07:59.001] [INFO] [GENERAL] ===================================
[2025-09-18 20:08:34.040] [INFO] [Client disconnected: ] TlsServer
[2025-09-18 20:08:35.656] [INFO] [Client disconnected: ] TlsServer
[2025-09-18 20:08:46.034] [INFO] [Client disconnected: ] TlsServer
[2025-09-18 20:13:22.229] [INFO] [Client disconnected: ] TlsServer
[2025-09-18 20:16:28.485] [INFO] [Client disconnected: ] TlsServer
[2025-09-18 20:19:21.512] [INFO] [Client disconnected: ] TlsServer
[2025-09-18 20:19:22.419] [INFO] [Client disconnected: ] TlsServer
[2025-09-18 20:21:20.457] [INFO] [Client disconnected: ] TlsServer
[2025-09-18 20:23:58.643] [WARN] [Authentication timeout for client from 10.0.0.2] TlsServer
[2025-09-18 20:30:58.645] [WARN] [Authentication timeout for client from 10.0.0.2] TlsServer
[2025-09-19 10:22:46.207] [INFO] [Client disconnected: ] TlsServer
[2025-09-19 10:23:28.280] [INFO] [Client disconnected: ] TlsServer
[2025-09-19 10:26:44.492] [INFO] [Client disconnected: ] TlsServer
[2025-09-19 10:26:46.698] [INFO] [Client disconnected: ] TlsServer
[2025-09-19 10:26:49.894] [INFO] [Client disconnected: ] TlsServer
[2025-09-19 10:26:50.145] [INFO] [Client disconnected: ] TlsServer
[2025-09-19 10:26:50.342] [INFO] [Client disconnected: ] TlsServer
[2025-09-19 10:26:50.560] [INFO] [Client disconnected: ] TlsServer
[2025-09-19 10:28:33.332] [INFO] [Client disconnected: ] TlsServer
[2025-09-19 10:30:29.700] [INFO] [Client disconnected: ] TlsServer
[2025-09-19 10:30:41.912] [INFO] [Client disconnected: ] TlsServer
[2025-09-19 14:41:50.535] [INFO] [Client disconnected: ] TlsServer
[2025-09-19 14:41:54.993] [INFO] [Client disconnected: ] TlsServer
[2025-09-19 14:44:51.940] [INFO] [Client disconnected: ] TlsServer
[2025-09-19 14:47:47.722] [INFO] [Client disconnected: ] TlsServer
[2025-09-19 14:50:19.277] [INFO] [Client disconnected: ] TlsServer
[2025-09-19 14:55:46.446] [INFO] [Client disconnected: ] TlsServer
[2025-09-19 15:05:08.238] [INFO] [Client disconnected: ] TlsServer
[2025-09-19 15:11:26.416] [INFO] [Client disconnected: ] TlsServer
[2025-09-19 15:15:01.971] [INFO] [Client disconnected: ] TlsServer
[2025-09-19 15:15:15.863] [INFO] [Client disconnected: ] TlsServer
[2025-09-19 15:16:43.396] [INFO] [Client disconnected: ] TlsServer
[2025-09-19 15:18:23.061] [INFO] [Client disconnected: ] TlsServer
[2025-09-19 15:20:42.975] [INFO] [Client disconnected: ] TlsServer
[2025-09-19 15:20:49.921] [INFO] [Client disconnected: ] TlsServer
[2025-09-19 15:23:28.097] [INFO] [Client disconnected: ] TlsServer
[2025-09-19 16:00:03.736] [INFO] [Client disconnected: ] TlsServer
[2025-09-19 16:19:04.027] [INFO] [Client disconnected: ] TlsServer
[2025-09-19 16:25:05.401] [INFO] [Client disconnected: ] TlsServer
[2025-09-19 16:25:10.709] [INFO] [Client disconnected: ] TlsServer
[2025-09-19 16:27:02.976] [INFO] [Client disconnected: ] TlsServer
[2025-09-19 16:27:04.952] [INFO] [Client disconnected: ] TlsServer
[2025-09-19 16:27:07.943] [INFO] [Client disconnected: ] TlsServer
[2025-09-19 16:27:19.775] [INFO] [Client disconnected: ] TlsServer
[2025-09-19 16:27:23.823] [INFO] [Client disconnected: ] TlsServer
[2025-09-19 16:28:48.245] [INFO] [Client disconnected: ] TlsServer
[2025-09-19 16:28:55.934] [INFO] [Client disconnected: ] TlsServer
[2025-09-19 16:51:22.375] [INFO] [Client disconnected: ] TlsServer
[2025-09-19 16:52:16.538] [INFO] [Client disconnected: ] TlsServer
[2025-09-19 16:55:43.609] [INFO] [Client disconnected: ] TlsServer
[2025-09-19 16:57:27.455] [INFO] [Client disconnected: ] TlsServer
[2025-09-19 16:59:03.391] [INFO] [Client disconnected: ] TlsServer
[2025-09-19 17:01:31.902] [INFO] [Client disconnected: ] TlsServer
[2025-09-19 17:03:35.130] [INFO] [Client disconnected: ] TlsServer
[2025-09-19 17:05:53.150] [INFO] [Client disconnected: ] TlsServer
[2025-09-19 17:07:11.804] [INFO] [Client disconnected: ] TlsServer
[2025-09-19 17:09:13.662] [INFO] [Client disconnected: ] TlsServer
[2025-09-19 17:12:26.715] [INFO] [Client disconnected: ] TlsServer
[2025-09-19 17:33:24.554] [INFO] [Client disconnected: ] TlsServer
[2025-09-19 17:38:55.398] [INFO] [Client disconnected: ] TlsServer
[2025-09-19 18:16:53.586] [INFO] [Client disconnected: ] TlsServer
[2025-09-19 18:20:31.274] [INFO] [Client disconnected: ] TlsServer
[2025-09-21 09:47:15.440] [INFO] [GENERAL] Received SIGINT, shutting down gracefully...
[2025-09-21 09:47:15.440] [INFO] [GENERAL] LatCheckServer shutting down...
[2025-09-21 09:47:15.440] [INFO] [TLS Server stopped] TlsServer
[2025-09-21 09:47:15.440] [INFO] [DATABASE] Database pool closed
[2025-09-21 09:47:15.440] [INFO] [GENERAL] LatCheckServer shutdown completed
